<?xml version="1.0" encoding="UTF-8"?>
<!-- Generated by org.testng.reporters.JUnitReportReporter -->
<testsuite skipped="0" hostname="Shanika-PC" name="PetDataRepositoryTest" tests="3" failures="0" timestamp="08 Aug 2018 11:47:54 GMT" time="0.062" errors="0">
  <testcase name="editPetByPetNameTest" time="0.035" classname="PetDataRepositoryTest"/>
  <testcase name="searchPetByNameTest" time="0.001" classname="PetDataRepositoryTest"/>
  <testcase name="savePetDataTest" time="0.026" classname="PetDataRepositoryTest"/>
</testsuite> <!-- PetDataRepositoryTest -->
