<?xml version="1.0" encoding="UTF-8"?>
<!-- Generated by org.testng.reporters.JUnitReportReporter -->
<testsuite skipped="0" hostname="Shanika-PC" name="OwnerDataRepositoryTest" tests="1" failures="0" timestamp="08 Aug 2018 11:47:54 GMT" time="0.006" errors="0">
  <testcase name="searchPetByOwnerTest" time="0.006" classname="OwnerDataRepositoryTest"/>
</testsuite> <!-- OwnerDataRepositoryTest -->
